<?xml version="1.0" encoding="UTF-8"?>
<robot generator="Robot 5.0.1 (Python 3.9.13 on win32)" generated="20230228 14:01:58.611" rpa="true" schemaversion="3">
<suite id="s1" name="Tasks" source="d:\Robocorp Working\rsb-second\tasks.robot">
<test id="s1-t1" name="Open the robot order website" line="12">
<status status="FAIL" starttime="20230228 14:01:59.751" endtime="20230228 14:01:59.754">Task contains no keywords.</status>
</test>
<doc>Orders robots from Robotsparebin Industries Inc.
Saves the order HTML receipt as a PDF Files
Saves the screenshot of the ordered robot.
Embeds the screenshot of the robot to the PDF receipt.
Creates ZIP archieve of the receipts and the images</doc>
<status status="FAIL" starttime="20230228 14:01:58.621" endtime="20230228 14:01:59.757"/>
</suite>
<statistics>
<total>
<stat pass="0" fail="1" skip="0">All Tasks</stat>
</total>
<tag>
</tag>
<suite>
<stat pass="0" fail="1" skip="0" id="s1" name="Tasks">Tasks</stat>
</suite>
</statistics>
<errors>
</errors>
</robot>
